<?xml version="1.0" encoding="UTF-8"?>
<!-- Generated by org.testng.reporters.JUnitReportReporter -->
<testsuite hostname="DESKTOP-FADL0SF" failures="0" tests="1" name="com.bridgelabz_qa_automation.Handling_Mouse_Keyboard_Oprection" time="7.108" errors="0" timestamp="2023-02-02T08:12:59 IST" skipped="0">
  <testcase classname="com.bridgelabz_qa_automation.Handling_Mouse_Keyboard_Oprection" name="mouse_and_Keyboard_Operations" time="7.108"/>
  <system-out/>
</testsuite> <!-- com.bridgelabz_qa_automation.Handling_Mouse_Keyboard_Oprection -->
