<?xml version="1.0" encoding="UTF-8"?>
<!-- Generated by org.testng.reporters.JUnitReportReporter -->
<testsuite hostname="DESKTOP-FADL0SF" failures="0" tests="1" name="com.bridgelabz_qa_automation.WebDriverManager_Test" time="26.712" errors="0" timestamp="2023-02-04T16:58:44 IST" skipped="0">
  <testcase classname="com.bridgelabz_qa_automation.WebDriverManager_Test" name="webDriverManager_Test" time="26.712"/>
  <system-out/>
</testsuite> <!-- com.bridgelabz_qa_automation.WebDriverManager_Test -->
