<?xml version="1.0" encoding="UTF-8"?>
<!-- Generated by org.testng.reporters.JUnitReportReporter -->
<testsuite hostname="DESKTOP-FADL0SF" failures="0" tests="1" name="com.bridgelabz_qa_automation.webElement_Interface_Methods" time="9.201" errors="0" timestamp="2023-01-31T19:28:54 IST" skipped="0">
  <testcase classname="com.bridgelabz_qa_automation.webElement_Interface_Methods" name="page_Url_Validation" time="9.201"/>
  <system-out/>
</testsuite> <!-- com.bridgelabz_qa_automation.webElement_Interface_Methods -->
