<?xml version="1.0" encoding="UTF-8"?>
<!-- Generated by org.testng.reporters.JUnitReportReporter -->
<testsuite hostname="DESKTOP-FADL0SF" failures="0" tests="1" name="com.bridgelabz_qa_automation.FindElements_Method_Test" time="16.861" errors="0" timestamp="2023-02-14T15:41:29 IST" skipped="0">
  <testcase classname="com.bridgelabz_qa_automation.FindElements_Method_Test" name="wbtable" time="16.861"/>
  <system-out/>
</testsuite> <!-- com.bridgelabz_qa_automation.FindElements_Method_Test -->
