<?xml version="1.0" encoding="UTF-8"?>
<!-- Generated by org.testng.reporters.JUnitReportReporter -->
<testsuite hostname="DESKTOP-FADL0SF" failures="0" tests="1" name="com.bridgelabz_qa_automation.Launch_Browser_Test" time="3.942" errors="0" timestamp="2023-02-09T10:34:32 IST" skipped="0">
  <testcase classname="com.bridgelabz_qa_automation.Launch_Browser_Test" name="launchs_browser" time="3.942"/>
  <system-out/>
</testsuite> <!-- com.bridgelabz_qa_automation.Launch_Browser_Test -->
