<?xml version="1.0" encoding="UTF-8"?>
<!-- Generated by org.testng.reporters.JUnitReportReporter -->
<testsuite hostname="DESKTOP-FADL0SF" failures="0" tests="1" name="com.bridgelabz_qa_automation.Handling_Pop_Up_Test" time="17.996" errors="0" timestamp="2023-02-03T17:53:42 IST" skipped="0">
  <testcase classname="com.bridgelabz_qa_automation.Handling_Pop_Up_Test" name="child_Browser_Popup" time="17.996"/>
  <system-out/>
</testsuite> <!-- com.bridgelabz_qa_automation.Handling_Pop_Up_Test -->
