<?xml version="1.0" encoding="UTF-8"?>
<!-- Generated by org.testng.reporters.JUnitReportReporter -->
<testsuite hostname="DESKTOP-FADL0SF" failures="0" tests="1" name="com.bridgelabz_qa_automation.Dropdown_Test" time="33.263" errors="0" timestamp="2023-02-07T18:51:39 IST" skipped="0">
  <testcase classname="com.bridgelabz_qa_automation.Dropdown_Test" name="select_By_Index" time="33.263"/>
  <system-out/>
</testsuite> <!-- com.bridgelabz_qa_automation.Dropdown_Test -->
