<?xml version="1.0" encoding="UTF-8"?>
<!-- Generated by org.testng.reporters.JUnitReportReporter -->
<testsuite hostname="DESKTOP-FADL0SF" failures="0" tests="1" name="com.bridgelabz_qa_automation.webElement_Interface_Methods" time="1.301" errors="0" timestamp="2023-02-07T10:30:54 IST" skipped="0">
  <testcase classname="com.bridgelabz_qa_automation.webElement_Interface_Methods" name="wbtable" time="1.301"/>
  <system-out/>
</testsuite> <!-- com.bridgelabz_qa_automation.webElement_Interface_Methods -->
