<?xml version="1.0" encoding="UTF-8"?>
<!-- Generated by org.testng.reporters.JUnitReportReporter -->
<testsuite hostname="DESKTOP-FADL0SF" failures="0" tests="1" name="com.bridgelabz_qa_automation.Launch_Browser_Test" time="5.952" errors="0" timestamp="2023-02-02T08:09:16 IST" skipped="0">
  <testcase classname="com.bridgelabz_qa_automation.Launch_Browser_Test" name="launch_browser" time="5.952"/>
  <system-out/>
</testsuite> <!-- com.bridgelabz_qa_automation.Launch_Browser_Test -->
