<?xml version="1.0" encoding="UTF-8"?>
<!-- Generated by org.testng.reporters.JUnitReportReporter -->
<testsuite hostname="DESKTOP-FADL0SF" failures="0" tests="1" name="com.bridgelabz_qa_automation.Handling_Pop_Up_Test" time="22.342" errors="0" timestamp="2023-02-08T15:53:49 IST" skipped="0">
  <testcase classname="com.bridgelabz_qa_automation.Handling_Pop_Up_Test" name="is_Multiple_Method" time="22.342"/>
  <system-out/>
</testsuite> <!-- com.bridgelabz_qa_automation.Handling_Pop_Up_Test -->
