<?xml version="1.0" encoding="UTF-8"?>
<!-- Generated by org.testng.reporters.JUnitReportReporter -->
<testsuite hostname="DESKTOP-FADL0SF" failures="0" tests="1" name="com.bridgelabz_qa_automation.Javascript_Executor_Testt" time="9.229" errors="0" timestamp="2023-02-01T14:59:57 IST" skipped="0">
  <testcase classname="com.bridgelabz_qa_automation.Javascript_Executor_Testt" name="frame_Handling_Test" time="9.229"/>
  <system-out/>
</testsuite> <!-- com.bridgelabz_qa_automation.Javascript_Executor_Testt -->
