<?xml version="1.0" encoding="UTF-8"?>
<!-- Generated by org.testng.reporters.JUnitReportReporter -->
<testsuite hostname="DESKTOP-FADL0SF" failures="0" tests="1" name="com.bridgelabz_qa_automation.Actions_Class" time="4.895" errors="0" timestamp="2023-02-01T15:48:25 IST" skipped="0">
  <testcase classname="com.bridgelabz_qa_automation.Actions_Class" name="keyBoard_Operations_Test" time="4.895"/>
  <system-out/>
</testsuite> <!-- com.bridgelabz_qa_automation.Actions_Class -->
